{ Using PSTWRITER 17.2.0 d001Apr-30-2020 at 10:37:55 }

#1 WARNING(ORCAP-36038): "No_connect" property on Pin "U12.21" ignored for U12: SCH, 03 MCU (45.72, 40.64). Connecting pin to net "DS3231_SCL".
#2 WARNING(ORCAP-36038): "No_connect" property on Pin "U12.26" ignored for U12: SCH, 03 MCU (45.72, 40.64). Connecting pin to net "KEY0".
#3 WARNING(ORCAP-36038): "No_connect" property on Pin "U12.27" ignored for U12: SCH, 03 MCU (45.72, 40.64). Connecting pin to net "KEY1".
#4 WARNING(ORCAP-36038): "No_connect" property on Pin "U12.28" ignored for U12: SCH, 03 MCU (45.72, 40.64). Connecting pin to net "WK_UP".
#5 WARNING(ORCAP-36038): "No_connect" property on Pin "U12.45" ignored for U12: SCH, 03 MCU (45.72, 40.64). Connecting pin to net "DP_LED".
#6 WARNING(ORCAP-36038): "No_connect" property on Pin "U12.12" ignored for U12: SCH, 03 MCU (45.72, 40.64). Connecting pin to net "USART2_TX".
#7 WARNING(ORCAP-36038): "No_connect" property on Pin "U12.13" ignored for U12: SCH, 03 MCU (45.72, 40.64). Connecting pin to net "USART2_RX".
#8 WARNING(ORCAP-36038): "No_connect" property on Pin "U12.22" ignored for U12: SCH, 03 MCU (45.72, 40.64). Connecting pin to net "DS3231_SDA".
#9 WARNING(ORCAP-36038): "No_connect" property on Pin "U12.20" ignored for U12: SCH, 03 MCU (45.72, 40.64). Connecting pin to net "DS3231_INT#".
#10 WARNING(ORCAP-36038): "No_connect" property on Pin "U12.33" ignored for U12: SCH, 03 MCU (45.72, 40.64). Connecting pin to net "LED1".
#11 WARNING(ORCAP-36038): "No_connect" property on Pin "DC1.2" ignored for DC1: SCH, 04 POWER (27.94, 33.02). Connecting pin to net "GND".
#12 WARNING(ORCAP-36038): "No_connect" property on Pin "U8.24" ignored for U8: SCH, 03 MCU (180.34, 215.90). Connecting pin to net "N17069783".
#13 WARNING(ORCAP-36038): "No_connect" property on Pin "U12.32" ignored for U12: SCH, 03 MCU (45.72, 40.64). Connecting pin to net "LED0".
#14 WARNING(ORCAP-36038): "No_connect" property on Pin "U12.43" ignored for U12: SCH, 03 MCU (45.72, 40.64). Connecting pin to net "IIC_SDA".
#15 WARNING(ORCAP-36038): "No_connect" property on Pin "U12.42" ignored for U12: SCH, 03 MCU (45.72, 40.64). Connecting pin to net "IIC_SCL".
#16 WARNING(ORCAP-36006): Part Name "JMP-2_0_CR1220HOLDER-SMD_CR1220HOLDER-SMD" is renamed to "JMP-2_0_CR1220HOLDER-SMD_CR1220".
#17 WARNING(ORCAP-36006): Part Name "FUSE_FUSE1210_SMD1210-010-60V/NI" is renamed to "FUSE_FUSE1210_SMD1210-010-60V/N".
#18 WARNING(ORCAP-36006): Part Name "CONN RCPT 4_CN1X4-2P54-Z_CN1X4-2P54-Z" is renamed to "CONN RCPT 4_CN1X4-2P54-Z_CN1X4-".
#19 WARNING(ORCAP-36006): Part Name "IND_BEAD_0805_600OHM_1_L0805_BLM21PG600" is renamed to "IND_BEAD_0805_600OHM_1_L0805_BL".
#20 WARNING(ORCAP-36006): Part Name "SW PUSHBUTTON_0_KEY-2P-SMD-6R2X3R8X2R5_3*6*2.5" is renamed to "SW PUSHBUTTON_0_KEY-2P-SMD-6R2X".
#21 WARNING(ORCAP-36006): Part Name "MP2359DJ-LF-Z_SOT23-6_MP2359DJ-LF-Z" is renamed to "MP2359DJ-LF-Z_SOT23-6_MP2359DJ-".
#22 WARNING(ORCAP-36006): Part Name "SPX3819M5-L-1-2_SOT23-5_RT9193-33GB" is renamed to "SPX3819M5-L-1-2_SOT23-5_RT9193-".
#23 WARNING(ORCAP-36006): Part Name "STM32F103C8T6_LQFP48-7X7-0R5_STM32F103C8T6" is renamed to "STM32F103C8T6_LQFP48-7X7-0R5_ST".
#24 WARNING(ORCAP-36006): Part Name "ST72151105W_0_ST72151105W_ST72151105W" is renamed to "ST72151105W_0_ST72151105W_ST721".
#25 WARNING(ORCAP-36006): Part Name "TCA9517ADGKR_VSSOP8_TCA9517ADGKR" is renamed to "TCA9517ADGKR_VSSOP8_TCA9517ADGK".
#26 WARNING(ORCAP-36006): Part Name "XTAL_5032_0_X-3P-3R2X1R3-SMD_CSTCE8M00G15C99-R0" is renamed to "XTAL_5032_0_X-3P-3R2X1R3-SMD_CS".
INFO(ORCAP-36080): Scanning netlist files ...

Loading... H:\Nixie-Tube-Clock\HARDWARE\F103_TUBE_CLOCK_V10A\SCH\ALLEGRO/pstchip.dat

Loading... H:\Nixie-Tube-Clock\HARDWARE\F103_TUBE_CLOCK_V10A\SCH\ALLEGRO/pstchip.dat

Loading... H:\Nixie-Tube-Clock\HARDWARE\F103_TUBE_CLOCK_V10A\SCH\ALLEGRO/pstchip.dat

Loading... H:\Nixie-Tube-Clock\HARDWARE\F103_TUBE_CLOCK_V10A\SCH\ALLEGRO/pstxnet.dat
packaging the design view...